[debug] [2019-09-15T07:16:31.106Z] ----------------------------------------------------------------------
[debug] [2019-09-15T07:16:31.109Z] Command:       /Users/BGeist/.nvm/versions/node/v10.13.0/bin/node /Users/BGeist/.nvm/versions/node/v10.13.0/bin/firebase serve
[debug] [2019-09-15T07:16:31.109Z] CLI Version:   7.2.4
[debug] [2019-09-15T07:16:31.110Z] Platform:      darwin
[debug] [2019-09-15T07:16:31.110Z] Node Version:  v10.13.0
[debug] [2019-09-15T07:16:31.111Z] Time:          Sun Sep 15 2019 00:16:31 GMT-0700 (Pacific Daylight Time)
[debug] [2019-09-15T07:16:31.111Z] ----------------------------------------------------------------------
[debug] 
[debug] [2019-09-15T07:16:31.128Z] > command requires scopes: ["email","openid","https://www.googleapis.com/auth/cloudplatformprojects.readonly","https://www.googleapis.com/auth/firebase","https://www.googleapis.com/auth/cloud-platform"]
[debug] [2019-09-15T07:16:31.128Z] > authorizing via signed-in user
[debug] [2019-09-15T07:16:31.128Z] [iam] checking project next-github-profiles-example for permissions ["firebase.projects.get"]
[debug] [2019-09-15T07:16:31.131Z] >>> HTTP REQUEST POST https://cloudresourcemanager.googleapis.com/v1/projects/next-github-profiles-example:testIamPermissions  

[debug] [2019-09-15T07:16:31.415Z] <<< HTTP RESPONSE 200
[debug] [2019-09-15T07:16:31.418Z] >>> HTTP REQUEST GET https://firebase.googleapis.com/v1beta1/projects/next-github-profiles-example  
 
[debug] [2019-09-15T07:16:31.639Z] <<< HTTP RESPONSE 200
[info] 
[info] === Serving from '/Users/BGeist/Documents/blakes-apps/react-next-git-profile-example'...
[info] 
[debug] [2019-09-15T07:16:31.649Z] >>> HTTP REQUEST GET https://firebase.googleapis.com/v1beta1/projects/next-github-profiles-example/webApps/-/config  
 
[warn] ⚠  Your requested "node" version "8" doesn't match your global version "10"
[info] ✔  functions: Emulator started at http://localhost:5001
[debug] [2019-09-15T07:16:32.234Z] <<< HTTP RESPONSE 200
[info] i  functions: Watching "/Users/BGeist/Documents/blakes-apps/react-next-git-profile-example/src/functions" for Cloud Functions...
[info] i  hosting: Serving hosting files from: src/app/.next
[info] ✔  hosting: Local server: http://localhost:5000
[debug] [2019-09-15T07:16:32.766Z] [runtime-status] Functions runtime initialized. {"cwd":"/Users/BGeist/Documents/blakes-apps/react-next-git-profile-example/src/functions","node_version":"10.13.0"}
[debug] [2019-09-15T07:16:32.767Z] [runtime-status] Disabled runtime features: {"functions_config_helper":true,"network_filtering":true,"timeout":true,"memory_limiting":true,"admin_stubs":true} {}
[debug] [2019-09-15T07:16:32.770Z] [runtime-status] Resolved module firebase-admin {"declared":true,"installed":true,"version":"8.5.0","resolution":"/Users/BGeist/Documents/blakes-apps/react-next-git-profile-example/src/functions/node_modules/firebase-admin/lib/index.js"}
[debug] [2019-09-15T07:16:32.773Z] [runtime-status] Resolved module firebase-functions {"declared":true,"installed":true,"version":"3.2.0","resolution":"/Users/BGeist/Documents/blakes-apps/react-next-git-profile-example/src/functions/node_modules/firebase-functions/lib/index.js"}
[debug] [2019-09-15T07:16:32.774Z] [runtime-status] Resolved module firebase-functions {"declared":true,"installed":true,"version":"3.2.0","resolution":"/Users/BGeist/Documents/blakes-apps/react-next-git-profile-example/src/functions/node_modules/firebase-functions/lib/index.js"}
[info] ✔  functions[app]: http function initialized (http://localhost:5001/next-github-profiles-example/us-central1/app).
[info] [hosting] Rewriting / to http://localhost:5001/next-github-profiles-example/us-central1/app for local Function app
[debug] [2019-09-15T07:17:46.597Z] Accepted request GET /next-github-profiles-example/us-central1/app/ --> app
[debug] [2019-09-15T07:17:47.213Z] [runtime-status] Functions runtime initialized. {"cwd":"/Users/BGeist/Documents/blakes-apps/react-next-git-profile-example/src/functions","node_version":"10.13.0"}
[info] i  functions: Beginning execution of "app"
[debug] [2019-09-15T07:17:47.214Z] [runtime-status] Disabled runtime features: {"functions_config_helper":true,"network_filtering":true,"timeout":true,"memory_limiting":true,"admin_stubs":true} {}
[debug] [2019-09-15T07:17:47.222Z] [runtime-status] Resolved module firebase-admin {"declared":true,"installed":true,"version":"8.5.0","resolution":"/Users/BGeist/Documents/blakes-apps/react-next-git-profile-example/src/functions/node_modules/firebase-admin/lib/index.js"}
[debug] [2019-09-15T07:17:47.224Z] [runtime-status] Resolved module firebase-functions {"declared":true,"installed":true,"version":"3.2.0","resolution":"/Users/BGeist/Documents/blakes-apps/react-next-git-profile-example/src/functions/node_modules/firebase-functions/lib/index.js"}
[debug] [2019-09-15T07:17:47.225Z] [runtime-status] Resolved module firebase-functions {"declared":true,"installed":true,"version":"3.2.0","resolution":"/Users/BGeist/Documents/blakes-apps/react-next-git-profile-example/src/functions/node_modules/firebase-functions/lib/index.js"}
[debug] [2019-09-15T07:17:47.979Z] [runtime-status] Trigger "app" has been found, beginning invocation! {}
[debug] [2019-09-15T07:17:47.979Z] [runtime-status]  {"httpsTrigger":{},"name":"app","entryPoint":"app"}
[debug] [2019-09-15T07:17:47.979Z] [runtime-status] Running app in mode HTTPS {}
[debug] [2019-09-15T07:17:48.001Z] {"socketPath":"/var/folders/6y/zf5cylqs7vqc0fx94t3c82yh0000gp/T/firebase_emulator_invocation_86937.sock"}
[debug] [2019-09-15T07:17:48.013Z] [functions] Runtime ready! Sending request! {"socketPath":"/var/folders/6y/zf5cylqs7vqc0fx94t3c82yh0000gp/T/firebase_emulator_invocation_86937.sock"}
[debug] [2019-09-15T07:17:48.045Z] [runtime-status] Ephemeral server used! {}
[debug] [2019-09-15T07:17:48.936Z] [runtime-status] Ephemeral server survived. {}
[info] >  Connect(pages_Index) returned an empty object from `getInitialProps`. This de-optimizes and prevents automatic prerendering. https://err.sh/zeit/next.js/empty-object-getInitialProps
[info] i  functions: Finished "app" in ~1s
[info] [hosting] Rewriting /_next/static/css/styles.9d089ddf.chunk.css to http://localhost:5001/next-github-profiles-example/us-central1/app for local Function app
[info] [hosting] Rewriting /_next/static/css/static/tMIveCL4M2PcKt209CkRC/pages/index.js.99c21d8d.chunk.css to http://localhost:5001/next-github-profiles-example/us-central1/app for local Function app
[debug] [2019-09-15T07:17:49.730Z] Accepted request GET /next-github-profiles-example/us-central1/app/_next/static/css/styles.9d089ddf.chunk.css --> app
[debug] [2019-09-15T07:17:49.741Z] Accepted request GET /next-github-profiles-example/us-central1/app/_next/static/css/static/tMIveCL4M2PcKt209CkRC/pages/index.js.99c21d8d.chunk.css --> app
[debug] [2019-09-15T07:17:50.701Z] [runtime-status] Functions runtime initialized. {"cwd":"/Users/BGeist/Documents/blakes-apps/react-next-git-profile-example/src/functions","node_version":"10.13.0"}
[info] i  functions: Beginning execution of "app"
[debug] [2019-09-15T07:17:50.704Z] [runtime-status] Disabled runtime features: {"functions_config_helper":true,"network_filtering":true,"timeout":true,"memory_limiting":true,"admin_stubs":true} {}
[debug] [2019-09-15T07:17:50.711Z] [runtime-status] Resolved module firebase-admin {"declared":true,"installed":true,"version":"8.5.0","resolution":"/Users/BGeist/Documents/blakes-apps/react-next-git-profile-example/src/functions/node_modules/firebase-admin/lib/index.js"}
[debug] [2019-09-15T07:17:50.713Z] [runtime-status] Resolved module firebase-functions {"declared":true,"installed":true,"version":"3.2.0","resolution":"/Users/BGeist/Documents/blakes-apps/react-next-git-profile-example/src/functions/node_modules/firebase-functions/lib/index.js"}
[debug] [2019-09-15T07:17:50.715Z] [runtime-status] Resolved module firebase-functions {"declared":true,"installed":true,"version":"3.2.0","resolution":"/Users/BGeist/Documents/blakes-apps/react-next-git-profile-example/src/functions/node_modules/firebase-functions/lib/index.js"}
[debug] [2019-09-15T07:17:50.797Z] [runtime-status] Functions runtime initialized. {"cwd":"/Users/BGeist/Documents/blakes-apps/react-next-git-profile-example/src/functions","node_version":"10.13.0"}
[info] i  functions: Beginning execution of "app"
[debug] [2019-09-15T07:17:50.799Z] [runtime-status] Disabled runtime features: {"functions_config_helper":true,"network_filtering":true,"timeout":true,"memory_limiting":true,"admin_stubs":true} {}
[debug] [2019-09-15T07:17:50.811Z] [runtime-status] Resolved module firebase-admin {"declared":true,"installed":true,"version":"8.5.0","resolution":"/Users/BGeist/Documents/blakes-apps/react-next-git-profile-example/src/functions/node_modules/firebase-admin/lib/index.js"}
[debug] [2019-09-15T07:17:50.817Z] [runtime-status] Resolved module firebase-functions {"declared":true,"installed":true,"version":"3.2.0","resolution":"/Users/BGeist/Documents/blakes-apps/react-next-git-profile-example/src/functions/node_modules/firebase-functions/lib/index.js"}
[debug] [2019-09-15T07:17:50.821Z] [runtime-status] Resolved module firebase-functions {"declared":true,"installed":true,"version":"3.2.0","resolution":"/Users/BGeist/Documents/blakes-apps/react-next-git-profile-example/src/functions/node_modules/firebase-functions/lib/index.js"}
[debug] [2019-09-15T07:17:51.561Z] [runtime-status] Trigger "app" has been found, beginning invocation! {}
[debug] [2019-09-15T07:17:51.561Z] [runtime-status]  {"httpsTrigger":{},"name":"app","entryPoint":"app"}
[debug] [2019-09-15T07:17:51.561Z] [runtime-status] Running app in mode HTTPS {}
[debug] [2019-09-15T07:17:51.580Z] {"socketPath":"/var/folders/6y/zf5cylqs7vqc0fx94t3c82yh0000gp/T/firebase_emulator_invocation_86952.sock"}
[debug] [2019-09-15T07:17:51.581Z] [functions] Runtime ready! Sending request! {"socketPath":"/var/folders/6y/zf5cylqs7vqc0fx94t3c82yh0000gp/T/firebase_emulator_invocation_86952.sock"}
[debug] [2019-09-15T07:17:51.610Z] [runtime-status] Ephemeral server used! {}
[debug] [2019-09-15T07:17:51.623Z] [runtime-status] Ephemeral server survived. {}
[debug] [2019-09-15T07:17:51.630Z] [runtime-status] Trigger "app" has been found, beginning invocation! {}
[debug] [2019-09-15T07:17:51.630Z] [runtime-status]  {"httpsTrigger":{},"name":"app","entryPoint":"app"}
[debug] [2019-09-15T07:17:51.631Z] [runtime-status] Running app in mode HTTPS {}
[info] i  functions: Finished "app" in ~1s
[debug] [2019-09-15T07:17:51.653Z] {"socketPath":"/var/folders/6y/zf5cylqs7vqc0fx94t3c82yh0000gp/T/firebase_emulator_invocation_86951.sock"}
[debug] [2019-09-15T07:17:51.655Z] [functions] Runtime ready! Sending request! {"socketPath":"/var/folders/6y/zf5cylqs7vqc0fx94t3c82yh0000gp/T/firebase_emulator_invocation_86951.sock"}
[debug] [2019-09-15T07:17:51.677Z] [runtime-status] Ephemeral server used! {}
[debug] [2019-09-15T07:17:51.694Z] [runtime-status] Ephemeral server survived. {}
[info] i  functions: Finished "app" in ~1s
